2026-07-05 10:40:54,796 INFO server listening on ('127.0.0.1', 14556)
2026-07-05 10:40:54,796 INFO matchId=match_20260705_104054_86da6b audit=match_runs\rule_check\20260705_104054_m0001\server_logs\match_20260705_104054_86da6b.audit.jsonl replay=match_runs\rule_check\20260705_104054_m0001\server_logs\match_20260705_104054_86da6b.replay.jsonl
2026-07-05 10:40:55,778 INFO client connected address=('127.0.0.1', 13156)
2026-07-05 10:40:55,779 INFO registered playerId=1001 team=RED name=idle-1001 version=idle-client-1.0
2026-07-05 10:40:56,020 INFO client connected address=('127.0.0.1', 13157)
2026-07-05 10:40:56,021 INFO registered playerId=1002 team=BLUE name=idle-1002 version=idle-client-1.0
2026-07-05 10:40:56,021 INFO both players registered; sending start
2026-07-05 10:40:56,023 INFO ready playerId=1001
2026-07-05 10:40:56,024 INFO ready playerId=1002
2026-07-05 10:40:56,024 INFO both players ready; starting round loop tick_ms=50
2026-07-05 10:40:56,026 DEBUG action received round=1 playerId=1001 actions=[]
2026-07-05 10:40:56,026 DEBUG action received round=1 playerId=1002 actions=[]
2026-07-05 10:40:56,027 INFO round=1 events=2 results=[{'playerId': 1001, 'action': 'WAIT', 'accepted': True, 'errorCode': None}, {'playerId': 1002, 'action': 'WAIT', 'accepted': True, 'errorCode': None}] scores={'RED': 0, 'BLUE': 0}
2026-07-05 10:40:56,028 DEBUG action received round=2 playerId=1001 actions=[]
2026-07-05 10:40:56,028 DEBUG action received round=2 playerId=1002 actions=[]
2026-07-05 10:40:56,029 INFO round=2 events=2 results=[{'playerId': 1001, 'action': 'WAIT', 'accepted': True, 'errorCode': None}, {'playerId': 1002, 'action': 'WAIT', 'accepted': True, 'errorCode': None}] scores={'RED': 0, 'BLUE': 0}
2026-07-05 10:40:56,030 DEBUG action received round=3 playerId=1001 actions=[]
2026-07-05 10:40:56,030 DEBUG action received round=3 playerId=1002 actions=[]
2026-07-05 10:40:56,031 INFO round=3 events=2 results=[{'playerId': 1001, 'action': 'WAIT', 'accepted': True, 'errorCode': None}, {'playerId': 1002, 'action': 'WAIT', 'accepted': True, 'errorCode': None}] scores={'RED': 0, 'BLUE': 0}
2026-07-05 10:40:56,031 INFO match over result=DRAW winner=None reason=ROUND_LIMIT
2026-07-05 10:40:56,031 INFO client disconnected label=P1001
2026-07-05 10:40:56,032 INFO client disconnected label=P1002
